# JRE version: Java(TM) SE Runtime Environment (18.0.1.1+2) (build 18.0.1.1+2-6)
# Java VM: Java HotSpot(TM) 64-Bit Server VM (18.0.1.1+2-6, mixed mode, sharing, tiered, compressed oops, compressed class ptrs, g1 gc, windows-amd64)
GC Precious Log:
 CardTable entry size: 512
 Card Set container configuration: InlinePtr #cards 5 size 8 Array Of Cards #cards 12 size 40 Howl #buckets 4 coarsen threshold 1843 Howl Bitmap #cards 512 size 80 coarsen threshold 460 Card regions per heap region 1 cards per card region 2048
 CPUs: 8 total, 8 available
 Memory: 6057M
 Large Page Support: Disabled
 NUMA Support: Disabled
 Compressed Oops: Enabled (32-bit)
 Heap Region Size: 1M
 Heap Min Capacity: 8M
 Heap Initial Capacity: 96M
 Heap Max Capacity: 1516M
 Pre-touch: Disabled
 Parallel Workers: 8
 Concurrent Workers: 2
 Concurrent Refinement Workers: 8
 Periodic GC: Disabled
Heap:
 garbage-first heap   total 51200K, used 32424K [0x00000000a1400000, 0x0000000100000000)
  region size 1024K, 12 young (12288K), 2 survivors (2048K)
 Metaspace       used 53439K, committed 53888K, reserved 1114112K
  class space    used 7037K, committed 7232K, reserved 1048576K
GC Heap History (20 events):
Event: 64.675 GC heap before
{Heap before GC invocations=2 (full 0):
 garbage-first heap   total 98304K, used 59814K [0x00000000a1400000, 0x0000000100000000)
  region size 1024K, 52 young (53248K), 2 survivors (2048K)
 Metaspace       used 19845K, committed 20096K, reserved 1114112K
  class space    used 2389K, committed 2496K, reserved 1048576K
}
Event: 64.683 GC heap after
{Heap after GC invocations=3 (full 0):
 garbage-first heap   total 98304K, used 12733K [0x00000000a1400000, 0x0000000100000000)
  region size 1024K, 5 young (5120K), 5 survivors (5120K)
 Metaspace       used 19845K, committed 20096K, reserved 1114112K
  class space    used 2389K, committed 2496K, reserved 1048576K
}
Event: 65.521 GC heap before
{Heap before GC invocations=3 (full 0):
 garbage-first heap   total 98304K, used 20925K [0x00000000a1400000, 0x0000000100000000)
  region size 1024K, 14 young (14336K), 5 survivors (5120K)
 Metaspace       used 21256K, committed 21504K, reserved 1114112K
  class space    used 2636K, committed 2752K, reserved 1048576K
}
Event: 65.528 GC heap after
{Heap after GC invocations=4 (full 0):
 garbage-first heap   total 98304K, used 13479K [0x00000000a1400000, 0x0000000100000000)
  region size 1024K, 4 young (4096K), 4 survivors (4096K)
 Metaspace       used 21256K, committed 21504K, reserved 1114112K
  class space    used 2636K, committed 2752K, reserved 1048576K
}
Event: 67.892 GC heap before
{Heap before GC invocations=5 (full 0):
 garbage-first heap   total 51200K, used 40103K [0x00000000a1400000, 0x0000000100000000)
  region size 1024K, 30 young (30720K), 4 survivors (4096K)
 Metaspace       used 27641K, committed 27904K, reserved 1114112K
  class space    used 3525K, committed 3648K, reserved 1048576K
}
Event: 67.900 GC heap after
{Heap after GC invocations=6 (full 0):
 garbage-first heap   total 51200K, used 16347K [0x00000000a1400000, 0x0000000100000000)
  region size 1024K, 4 young (4096K), 4 survivors (4096K)
 Metaspace       used 27641K, committed 27904K, reserved 1114112K
  class space    used 3525K, committed 3648K, reserved 1048576K
}
Event: 67.945 GC heap before
{Heap before GC invocations=6 (full 0):
 garbage-first heap   total 51200K, used 17371K [0x00000000a1400000, 0x0000000100000000)
  region size 1024K, 5 young (5120K), 4 survivors (4096K)
 Metaspace       used 27888K, committed 28160K, reserved 1114112K
  class space    used 3541K, committed 3648K, reserved 1048576K
}
Event: 67.950 GC heap after
{Heap after GC invocations=7 (full 0):
 garbage-first heap   total 51200K, used 16785K [0x00000000a1400000, 0x0000000100000000)
  region size 1024K, 1 young (1024K), 1 survivors (1024K)
 Metaspace       used 27888K, committed 28160K, reserved 1114112K
  class space    used 3541K, committed 3648K, reserved 1048576K
}
Event: 74.210 GC heap before
{Heap before GC invocations=7 (full 0):
 garbage-first heap   total 51200K, used 35217K [0x00000000a1400000, 0x0000000100000000)
  region size 1024K, 20 young (20480K), 1 survivors (1024K)
 Metaspace       used 30390K, committed 30784K, reserved 1114112K
  class space    used 3817K, committed 4032K, reserved 1048576K
}
Event: 74.215 GC heap after
{Heap after GC invocations=8 (full 0):
 garbage-first heap   total 51200K, used 17887K [0x00000000a1400000, 0x0000000100000000)
  region size 1024K, 2 young (2048K), 2 survivors (2048K)
 Metaspace       used 30390K, committed 30784K, reserved 1114112K
  class space    used 3817K, committed 4032K, reserved 1048576K
}
Event: 75.109 GC heap before
{Heap before GC invocations=8 (full 0):
 garbage-first heap   total 51200K, used 25055K [0x00000000a1400000, 0x0000000100000000)
  region size 1024K, 11 young (11264K), 2 survivors (2048K)
 Metaspace       used 35666K, committed 35968K, reserved 1114112K
  class space    used 4400K, committed 4544K, reserved 1048576K
}
Event: 75.113 GC heap after
{Heap after GC invocations=9 (full 0):
 garbage-first heap   total 51200K, used 19385K [0x00000000a1400000, 0x0000000100000000)
  region size 1024K, 2 young (2048K), 2 survivors (2048K)
 Metaspace       used 35666K, committed 35968K, reserved 1114112K
  class space    used 4400K, committed 4544K, reserved 1048576K
}
Event: 76.223 GC heap before
{Heap before GC invocations=10 (full 0):
 garbage-first heap   total 51200K, used 36793K [0x00000000a1400000, 0x0000000100000000)
  region size 1024K, 19 young (19456K), 2 survivors (2048K)
 Metaspace       used 38300K, committed 38720K, reserved 1114112K
  class space    used 4723K, committed 4928K, reserved 1048576K
}
Event: 76.227 GC heap after
{Heap after GC invocations=11 (full 0):
 garbage-first heap   total 51200K, used 20448K [0x00000000a1400000, 0x0000000100000000)
  region size 1024K, 3 young (3072K), 3 survivors (3072K)
 Metaspace       used 38300K, committed 38720K, reserved 1114112K
  class space    used 4723K, committed 4928K, reserved 1048576K
}
Event: 77.970 GC heap before
{Heap before GC invocations=11 (full 0):
 garbage-first heap   total 51200K, used 36832K [0x00000000a1400000, 0x0000000100000000)
  region size 1024K, 20 young (20480K), 3 survivors (3072K)
 Metaspace       used 42491K, committed 42944K, reserved 1114112K
  class space    used 5375K, committed 5568K, reserved 1048576K
}
Event: 77.974 GC heap after
{Heap after GC invocations=12 (full 0):
 garbage-first heap   total 51200K, used 21409K [0x00000000a1400000, 0x0000000100000000)
  region size 1024K, 3 young (3072K), 3 survivors (3072K)
 Metaspace       used 42491K, committed 42944K, reserved 1114112K
  class space    used 5375K, committed 5568K, reserved 1048576K
}
Event: 79.624 GC heap before
{Heap before GC invocations=12 (full 0):
 garbage-first heap   total 51200K, used 38817K [0x00000000a1400000, 0x0000000100000000)
  region size 1024K, 20 young (20480K), 3 survivors (3072K)
 Metaspace       used 47314K, committed 47744K, reserved 1114112K
  class space    used 6145K, committed 6336K, reserved 1048576K
}
Event: 79.628 GC heap after
{Heap after GC invocations=13 (full 0):
 garbage-first heap   total 51200K, used 22473K [0x00000000a1400000, 0x0000000100000000)
  region size 1024K, 3 young (3072K), 3 survivors (3072K)
 Metaspace       used 47314K, committed 47744K, reserved 1114112K
  class space    used 6145K, committed 6336K, reserved 1048576K
}
Event: 81.010 GC heap before
{Heap before GC invocations=13 (full 0):
 garbage-first heap   total 51200K, used 38857K [0x00000000a1400000, 0x0000000100000000)
  region size 1024K, 20 young (20480K), 3 survivors (3072K)
 Metaspace       used 51467K, committed 51840K, reserved 1114112K
  class space    used 6827K, committed 6976K, reserved 1048576K
}
Event: 81.013 GC heap after
{Heap after GC invocations=14 (full 0):
 garbage-first heap   total 51200K, used 23208K [0x00000000a1400000, 0x0000000100000000)
  region size 1024K, 2 young (2048K), 2 survivors (2048K)
 Metaspace       used 51467K, committed 51840K, reserved 1114112K
  class space    used 6827K, committed 6976K, reserved 1048576K
}

