# JRE version: Java(TM) SE Runtime Environment (18.0.1.1+2) (build 18.0.1.1+2-6)
# Java VM: Java HotSpot(TM) 64-Bit Server VM (18.0.1.1+2-6, mixed mode, sharing, tiered, compressed oops, compressed class ptrs, g1 gc, windows-amd64)
GC Precious Log:
 CardTable entry size: 512
 Card Set container configuration: InlinePtr #cards 5 size 8 Array Of Cards #cards 12 size 40 Howl #buckets 4 coarsen threshold 1843 Howl Bitmap #cards 512 size 80 coarsen threshold 460 Card regions per heap region 1 cards per card region 2048
 CPUs: 8 total, 8 available
 Memory: 6057M
 Large Page Support: Disabled
 NUMA Support: Disabled
 Compressed Oops: Enabled (32-bit)
 Heap Region Size: 1M
 Heap Min Capacity: 8M
 Heap Initial Capacity: 96M
 Heap Max Capacity: 1516M
 Pre-touch: Disabled
 Parallel Workers: 8
 Concurrent Workers: 2
 Concurrent Refinement Workers: 8
 Periodic GC: Disabled
Heap:
 garbage-first heap   total 51200K, used 29359K [0x00000000a1400000, 0x0000000100000000)
  region size 1024K, 9 young (9216K), 2 survivors (2048K)
 Metaspace       used 52622K, committed 53056K, reserved 1114112K
  class space    used 6937K, committed 7104K, reserved 1048576K
GC Heap History (20 events):
Event: 103.738 GC heap before
{Heap before GC invocations=1 (full 0):
 garbage-first heap   total 98304K, used 31173K [0x00000000a1400000, 0x0000000100000000)
  region size 1024K, 27 young (27648K), 3 survivors (3072K)
 Metaspace       used 11228K, committed 11520K, reserved 1114112K
  class space    used 1338K, committed 1472K, reserved 1048576K
}
Event: 103.745 GC heap after
{Heap after GC invocations=2 (full 0):
 garbage-first heap   total 98304K, used 9682K [0x00000000a1400000, 0x0000000100000000)
  region size 1024K, 2 young (2048K), 2 survivors (2048K)
 Metaspace       used 11228K, committed 11520K, reserved 1114112K
  class space    used 1338K, committed 1472K, reserved 1048576K
}
Event: 107.036 GC heap before
{Heap before GC invocations=2 (full 0):
 garbage-first heap   total 98304K, used 59858K [0x00000000a1400000, 0x0000000100000000)
  region size 1024K, 52 young (53248K), 2 survivors (2048K)
 Metaspace       used 19614K, committed 19904K, reserved 1114112K
  class space    used 2339K, committed 2496K, reserved 1048576K
}
Event: 107.047 GC heap after
{Heap after GC invocations=3 (full 0):
 garbage-first heap   total 98304K, used 12844K [0x00000000a1400000, 0x0000000100000000)
  region size 1024K, 5 young (5120K), 5 survivors (5120K)
 Metaspace       used 19614K, committed 19904K, reserved 1114112K
  class space    used 2339K, committed 2496K, reserved 1048576K
}
Event: 107.965 GC heap before
{Heap before GC invocations=3 (full 0):
 garbage-first heap   total 98304K, used 22060K [0x00000000a1400000, 0x0000000100000000)
  region size 1024K, 15 young (15360K), 5 survivors (5120K)
 Metaspace       used 21250K, committed 21504K, reserved 1114112K
  class space    used 2639K, committed 2752K, reserved 1048576K
}
Event: 107.972 GC heap after
{Heap after GC invocations=4 (full 0):
 garbage-first heap   total 98304K, used 13391K [0x00000000a1400000, 0x0000000100000000)
  region size 1024K, 4 young (4096K), 4 survivors (4096K)
 Metaspace       used 21250K, committed 21504K, reserved 1114112K
  class space    used 2639K, committed 2752K, reserved 1048576K
}
Event: 110.037 GC heap before
{Heap before GC invocations=5 (full 0):
 garbage-first heap   total 51200K, used 40015K [0x00000000a1400000, 0x0000000100000000)
  region size 1024K, 30 young (30720K), 4 survivors (4096K)
 Metaspace       used 27661K, committed 27904K, reserved 1114112K
  class space    used 3526K, committed 3648K, reserved 1048576K
}
Event: 110.049 GC heap after
{Heap after GC invocations=6 (full 0):
 garbage-first heap   total 51200K, used 16366K [0x00000000a1400000, 0x0000000100000000)
  region size 1024K, 4 young (4096K), 4 survivors (4096K)
 Metaspace       used 27661K, committed 27904K, reserved 1114112K
  class space    used 3526K, committed 3648K, reserved 1048576K
}
Event: 116.970 GC heap before
{Heap before GC invocations=6 (full 0):
 garbage-first heap   total 51200K, used 34798K [0x00000000a1400000, 0x0000000100000000)
  region size 1024K, 23 young (23552K), 4 survivors (4096K)
 Metaspace       used 30074K, committed 30400K, reserved 1114112K
  class space    used 3782K, committed 3904K, reserved 1048576K
}
Event: 116.981 GC heap after
{Heap after GC invocations=7 (full 0):
 garbage-first heap   total 51200K, used 18077K [0x00000000a1400000, 0x0000000100000000)
  region size 1024K, 2 young (2048K), 2 survivors (2048K)
 Metaspace       used 30074K, committed 30400K, reserved 1114112K
  class space    used 3782K, committed 3904K, reserved 1048576K
}
Event: 118.241 GC heap before
{Heap before GC invocations=7 (full 0):
 garbage-first heap   total 51200K, used 27293K [0x00000000a1400000, 0x0000000100000000)
  region size 1024K, 12 young (12288K), 2 survivors (2048K)
 Metaspace       used 35671K, committed 35968K, reserved 1114112K
  class space    used 4400K, committed 4544K, reserved 1048576K
}
Event: 118.246 GC heap after
{Heap after GC invocations=8 (full 0):
 garbage-first heap   total 51200K, used 19565K [0x00000000a1400000, 0x0000000100000000)
  region size 1024K, 2 young (2048K), 2 survivors (2048K)
 Metaspace       used 35671K, committed 35968K, reserved 1114112K
  class space    used 4400K, committed 4544K, reserved 1048576K
}
Event: 119.159 GC heap before
{Heap before GC invocations=9 (full 0):
 garbage-first heap   total 51200K, used 36973K [0x00000000a1400000, 0x0000000100000000)
  region size 1024K, 19 young (19456K), 2 survivors (2048K)
 Metaspace       used 38458K, committed 38848K, reserved 1114112K
  class space    used 4756K, committed 4928K, reserved 1048576K
}
Event: 119.166 GC heap after
{Heap after GC invocations=10 (full 0):
 garbage-first heap   total 51200K, used 20696K [0x00000000a1400000, 0x0000000100000000)
  region size 1024K, 3 young (3072K), 3 survivors (3072K)
 Metaspace       used 38458K, committed 38848K, reserved 1114112K
  class space    used 4756K, committed 4928K, reserved 1048576K
}
Event: 120.654 GC heap before
{Heap before GC invocations=10 (full 0):
 garbage-first heap   total 51200K, used 38104K [0x00000000a1400000, 0x0000000100000000)
  region size 1024K, 20 young (20480K), 3 survivors (3072K)
 Metaspace       used 42648K, committed 43072K, reserved 1114112K
  class space    used 5414K, committed 5632K, reserved 1048576K
}
Event: 120.659 GC heap after
{Heap after GC invocations=11 (full 0):
 garbage-first heap   total 51200K, used 21417K [0x00000000a1400000, 0x0000000100000000)
  region size 1024K, 2 young (2048K), 2 survivors (2048K)
 Metaspace       used 42648K, committed 43072K, reserved 1114112K
  class space    used 5414K, committed 5632K, reserved 1048576K
}
Event: 122.132 GC heap before
{Heap before GC invocations=11 (full 0):
 garbage-first heap   total 51200K, used 37801K [0x00000000a1400000, 0x0000000100000000)
  region size 1024K, 19 young (19456K), 2 survivors (2048K)
 Metaspace       used 47386K, committed 47808K, reserved 1114112K
  class space    used 6150K, committed 6336K, reserved 1048576K
}
Event: 122.136 GC heap after
{Heap after GC invocations=12 (full 0):
 garbage-first heap   total 51200K, used 22684K [0x00000000a1400000, 0x0000000100000000)
  region size 1024K, 3 young (3072K), 3 survivors (3072K)
 Metaspace       used 47386K, committed 47808K, reserved 1114112K
  class space    used 6150K, committed 6336K, reserved 1048576K
}
Event: 123.523 GC heap before
{Heap before GC invocations=12 (full 0):
 garbage-first heap   total 51200K, used 39068K [0x00000000a1400000, 0x0000000100000000)
  region size 1024K, 19 young (19456K), 3 survivors (3072K)
 Metaspace       used 51358K, committed 51776K, reserved 1114112K
  class space    used 6803K, committed 7040K, reserved 1048576K
}
Event: 123.526 GC heap after
{Heap after GC invocations=13 (full 0):
 garbage-first heap   total 51200K, used 23215K [0x00000000a1400000, 0x0000000100000000)
  region size 1024K, 2 young (2048K), 2 survivors (2048K)
 Metaspace       used 51358K, committed 51776K, reserved 1114112K
  class space    used 6803K, committed 7040K, reserved 1048576K
}

